./file_list.txt is archived successfully
./filelist_dir1_10000.txt is archived successfully
./get_metadata_of_s3_obj.sh is archived successfully
./get_s3_batch.sh is archived successfully
./filelist_dir1_30000.txt is archived successfully
./compare_file.sh is archived successfully
./s3_mv_test.sh is archived successfully
./A_Guide_to_Transfer_Hundred_Million_Small_Files_to_S3_Using_S3_SnowbailEdge.pdf is archived successfully
./.snowball_uploader_9.py.swp is archived successfully
./tar_to_s3_smartopen.py is archived successfully
./snowball_uploader_8_org.py is archived successfully
./README.md is archived successfully
./A_Guide_to_Transfer_Hundred_Million_Small_Files_to_S3_Using_S3_SnowbailEdge-1.pdf is archived successfully
./gen_filelist.py is archived successfully
./2.txt is archived successfully
./create_dummy_files.sh is archived successfully
./tar_rename.sh is archived successfully
./set_metadata.sh is archived successfully
./snowball_uploader_8.py is archived successfully
./tar_to_s3_v7_multipart.py is archived successfully
./snowball_uploader_9.py is archived successfully
./images/snowball_1st.png is archived successfully
./images/s3_batch_result.png is archived successfully
./images/snowball_2nd.png is archived successfully
{u'AcceptRanges': 'bytes', u'ContentType': 'binary/octet-stream', 'ResponseMetadata': {'HTTPStatusCode': 200, 'RetryAttempts': 0, 'HostId': '0mTt6045twAIKb6Yre07At12WyiVI7RizBnCnSN699quoH3/dR8rWltJldcW5aksDW1hXNvYFME=', 'RequestId': '68A5814E7C8E5CDF', 'HTTPHeaders': {'content-length': '1581568', 'x-amz-id-2': '0mTt6045twAIKb6Yre07At12WyiVI7RizBnCnSN699quoH3/dR8rWltJldcW5aksDW1hXNvYFME=', 'x-amz-meta-snowball-auto-extract': 'true', 'server': 'AmazonS3', 'last-modified': 'Wed, 12 Feb 2020 15:48:06 GMT', 'x-amz-request-id': '68A5814E7C8E5CDF', 'etag': '"b9514e16b6ac55ccd83d92c27b839e16-1"', 'date': 'Wed, 12 Feb 2020 15:48:07 GMT', 'content-type': 'binary/octet-stream', 'accept-ranges': 'bytes'}}, u'LastModified': datetime.datetime(2020, 2, 12, 15, 48, 6, tzinfo=tzutc()), u'ContentLength': 1581568, u'ETag': '"b9514e16b6ac55ccd83d92c27b839e16-1"', u'Metadata': {'snowball-auto-extract': 'true'}}!!
snowball-fl_1-20200213_004805.tar is uploaded successfully
